15:58:59 **** Build of configuration Debug for project helloword ****
make all 
Building file: ../hello.cpp
Invoking: GCC C++ Compiler
g++ -O0 -g3 -Wall -c -fmessage-length=0 -MMD -MP -MF"hello.d" -MT"hello.d" -o "hello.o" "../hello.cpp"
Finished building: ../hello.cpp
 
Building target: helloword
Invoking: GCC C++ Linker
g++  -o "helloword"  ./hello.o   
Finished building target: helloword
 
15:59:05 **** Incremental Build of configuration Debug for project helloword ****
make all 
make: Nothing to be done for `all'.
16:02:26 **** Incremental Build of configuration Debug for project helloword ****
make all 
make: Nothing to be done for `all'.
16:02:26 **** Build of configuration Debug for project tree ****
make all 
Building file: ../Tree.cpp
Invoking: GCC C++ Compiler
g++ -O0 -g3 -Wall -c -fmessage-length=0 -MMD -MP -MF"Tree.d" -MT"Tree.d" -o "Tree.o" "../Tree.cpp"
Finished building: ../Tree.cpp
 
Building file: ../hello.cpp
Invoking: GCC C++ Compiler
g++ -O0 -g3 -Wall -c -fmessage-length=0 -MMD -MP -MF"hello.d" -MT"hello.d" -o "hello.o" "../hello.cpp"
Finished building: ../hello.cpp
 
Building file: ../main.cpp
Invoking: GCC C++ Compiler
g++ -O0 -g3 -Wall -c -fmessage-length=0 -MMD -MP -MF"main.d" -MT"main.d" -o "main.o" "../main.cpp"
../main.cpp:2:17: fatal error: Tree.h: No such file or directory
 #include<Tree.h>
                 ^
compilation terminated.
make: *** [main.o] Error 1
16:03:04 **** Incremental Build of configuration Debug for project helloword ****
make all 
make: Nothing to be done for `all'.
16:03:04 **** Incremental Build of configuration Debug for project tree ****
make all 
Building file: ../main.cpp
Invoking: GCC C++ Compiler
g++ -O0 -g3 -Wall -c -fmessage-length=0 -MMD -MP -MF"main.d" -MT"main.d" -o "main.o" "../main.cpp"
../main.cpp:2:17: fatal error: Tree.h: No such file or directory
 #include<Tree.h>
                 ^
compilation terminated.
make: *** [main.o] Error 1
16:03:33 **** Incremental Build of configuration Debug for project helloword ****
make all 
make: Nothing to be done for `all'.
16:03:33 **** Incremental Build of configuration Debug for project tree ****
make all 
Building file: ../main.cpp
Invoking: GCC C++ Compiler
g++ -O0 -g3 -Wall -c -fmessage-length=0 -MMD -MP -MF"main.d" -MT"main.d" -o "main.o" "../main.cpp"
Finished building: ../main.cpp
 
Building target: tree
Invoking: GCC C++ Linker
g++  -o "tree"  ./Tree.o ./hello.o ./main.o   
./main.o: In function `main':
/home/swy/git/poj/tree/Debug/../main.cpp:5: multiple definition of `main'
./hello.o:/home/swy/git/poj/tree/Debug/../hello.cpp:4: first defined here
collect2: error: ld returned 1 exit status
make: *** [tree] Error 1
16:03:59 **** Incremental Build of configuration Debug for project helloword ****
make all 
make: Nothing to be done for `all'.
16:03:59 **** Incremental Build of configuration Debug for project tree ****
make all 
Building target: tree
Invoking: GCC C++ Linker
g++  -o "tree"  ./Tree.o ./main.o   
Finished building target: tree
 
16:04:04 **** Incremental Build of configuration Debug for project helloword ****
make all 
make: Nothing to be done for `all'.
16:04:04 **** Incremental Build of configuration Debug for project tree ****
make all 
make: Nothing to be done for `all'.
16:50:10 **** Incremental Build of configuration Debug for project helloword ****
make all 
make: Nothing to be done for `all'.
16:50:10 **** Incremental Build of configuration Debug for project tree ****
make all 
Building file: ../main.cpp
Invoking: GCC C++ Compiler
g++ -O0 -g3 -Wall -c -fmessage-length=0 -MMD -MP -MF"main.d" -MT"main.d" -o "main.o" "../main.cpp"
Finished building: ../main.cpp
 
Building target: tree
Invoking: GCC C++ Linker
g++  -o "tree"  ./Tree.o ./main.o   
Finished building target: tree
 
16:50:13 **** Incremental Build of configuration Debug for project tree ****
make all 
make: Nothing to be done for `all'.
17:03:43 **** Build of configuration Debug for project Tree ****
make all 
Building file: ../test_tree.cc
Invoking: Cross G++ Compiler
g++ -O0 -g3 -Wall -c -fmessage-length=0 -MMD -MP -MF"test_tree.d" -MT"test_tree.d" -o "test_tree.o" "../test_tree.cc"
In file included from ../test_tree.cc:23:0:
../tree.hh:136:21: error: ‘ptrdiff_t’ does not name a type
             typedef ptrdiff_t                       difference_type;
                     ^
In file included from /usr/include/c++/4.8/bits/stl_algobase.h:65:0,
                 from /usr/include/c++/4.8/memory:62,
                 from ../tree.hh:63,
                 from ../test_tree.cc:23:
/usr/include/c++/4.8/bits/stl_iterator_base_types.h: In instantiation of ‘struct std::iterator_traits<tree<std::basic_string<char> >::pre_order_iterator>’:
/usr/include/c++/4.8/bits/stl_iterator_base_types.h:201:5:   required by substitution of ‘template<class _Iter> typename std::iterator_traits<_Iterator>::iterator_category std::__iterator_category(const _Iter&) [with _Iter = tree<std::basic_string<char> >::pre_order_iterator]’
/usr/include/c++/4.8/bits/stl_algo.h:4441:44:   required from ‘_IIter std::find(_IIter, _IIter, const _Tp&) [with _IIter = tree<std::basic_string<char> >::pre_order_iterator; _Tp = std::basic_string<char>]’
../test_tree.cc:163:57:   required from here
/usr/include/c++/4.8/bits/stl_iterator_base_types.h:167:53: error: no type named ‘difference_type’ in ‘class tree<std::basic_string<char> >::pre_order_iterator’
       typedef typename _Iterator::difference_type   difference_type;
                                                     ^
In file included from ../test_tree.cc:23:0:
../tree.hh: In instantiation of ‘void tree<T, tree_node_allocator>::merge(tree<T, tree_node_allocator>::sibling_iterator, tree<T, tree_node_allocator>::sibling_iterator, tree<T, tree_node_allocator>::sibling_iterator, tree<T, tree_node_allocator>::sibling_iterator, bool) [with T = std::basic_string<char>; tree_node_allocator = std::allocator<tree_node_<std::basic_string<char> > >]’:
../test_tree.cc:333:81:   required from here
../tree.hh:1472:43: error: no matching function for call to ‘find(tree<std::basic_string<char> >::sibling_iterator&, tree<std::basic_string<char> >::sibling_iterator&, std::basic_string<char>&)’
       if((fnd=std::find(to1, to2, (*from1))) != to2) { // element found
                                           ^
../tree.hh:1472:43: note: candidate is:
In file included from /usr/include/c++/4.8/bits/locale_facets.h:48:0,
                 from /usr/include/c++/4.8/bits/basic_ios.h:37,
                 from /usr/include/c++/4.8/ios:44,
                 from /usr/include/c++/4.8/ostream:38,
                 from /usr/include/c++/4.8/iterator:64,
                 from ../tree.hh:65,
                 from ../test_tree.cc:23:
/usr/include/c++/4.8/bits/streambuf_iterator.h:369:5: note: template<class _CharT2> typename __gnu_cxx::__enable_if<std::__is_char<_CharT2>::__value, std::istreambuf_iterator<_CharT> >::__type std::find(std::istreambuf_iterator<_CharT>, std::istreambuf_iterator<_CharT>, const _CharT2&)
     find(istreambuf_iterator<_CharT> __first,
     ^
/usr/include/c++/4.8/bits/streambuf_iterator.h:369:5: note:   template argument deduction/substitution failed:
In file included from ../test_tree.cc:23:0:
../tree.hh:1472:43: note:   ‘tree<std::basic_string<char> >::sibling_iterator’ is not derived from ‘std::istreambuf_iterator<_CharT>’
       if((fnd=std::find(to1, to2, (*from1))) != to2) { // element found
                                           ^
make: *** [test_tree.o] Error 1
17:03:44 **** Incremental Build of configuration Debug for project helloword ****
make all 
make: Nothing to be done for `all'.
17:08:14 **** Incremental Build of configuration Debug for project Tree ****
make all 
Building file: ../test_tree.cc
Invoking: Cross G++ Compiler
g++ -O0 -g3 -Wall -c -fmessage-length=0 -MMD -MP -MF"test_tree.d" -MT"test_tree.d" -o "test_tree.o" "../test_tree.cc"
In file included from ../test_tree.cc:23:0:
../tree.hh:136:21: error: ‘ptrdiff_t’ does not name a type
             typedef ptrdiff_t                       difference_type;
                     ^
In file included from /usr/include/c++/4.8/bits/stl_algobase.h:65:0,
                 from /usr/include/c++/4.8/memory:62,
                 from ../tree.hh:63,
                 from ../test_tree.cc:23:
/usr/include/c++/4.8/bits/stl_iterator_base_types.h: In instantiation of ‘struct std::iterator_traits<tree<std::basic_string<char> >::pre_order_iterator>’:
/usr/include/c++/4.8/bits/stl_iterator_base_types.h:201:5:   required by substitution of ‘template<class _Iter> typename std::iterator_traits<_Iterator>::iterator_category std::__iterator_category(const _Iter&) [with _Iter = tree<std::basic_string<char> >::pre_order_iterator]’
/usr/include/c++/4.8/bits/stl_algo.h:4441:44:   required from ‘_IIter std::find(_IIter, _IIter, const _Tp&) [with _IIter = tree<std::basic_string<char> >::pre_order_iterator; _Tp = std::basic_string<char>]’
../test_tree.cc:163:57:   required from here
/usr/include/c++/4.8/bits/stl_iterator_base_types.h:167:53: error: no type named ‘difference_type’ in ‘class tree<std::basic_string<char> >::pre_order_iterator’
       typedef typename _Iterator::difference_type   difference_type;
                                                     ^
In file included from ../test_tree.cc:23:0:
../tree.hh: In instantiation of ‘void tree<T, tree_node_allocator>::merge(tree<T, tree_node_allocator>::sibling_iterator, tree<T, tree_node_allocator>::sibling_iterator, tree<T, tree_node_allocator>::sibling_iterator, tree<T, tree_node_allocator>::sibling_iterator, bool) [with T = std::basic_string<char>; tree_node_allocator = std::allocator<tree_node_<std::basic_string<char> > >]’:
../test_tree.cc:333:81:   required from here
../tree.hh:1472:43: error: no matching function for call to ‘find(tree<std::basic_string<char> >::sibling_iterator&, tree<std::basic_string<char> >::sibling_iterator&, std::basic_string<char>&)’
       if((fnd=std::find(to1, to2, (*from1))) != to2) { // element found
                                           ^
../tree.hh:1472:43: note: candidate is:
In file included from /usr/include/c++/4.8/bits/locale_facets.h:48:0,
                 from /usr/include/c++/4.8/bits/basic_ios.h:37,
                 from /usr/include/c++/4.8/ios:44,
                 from /usr/include/c++/4.8/ostream:38,
                 from /usr/include/c++/4.8/iterator:64,
                 from ../tree.hh:65,
                 from ../test_tree.cc:23:
/usr/include/c++/4.8/bits/streambuf_iterator.h:369:5: note: template<class _CharT2> typename __gnu_cxx::__enable_if<std::__is_char<_CharT2>::__value, std::istreambuf_iterator<_CharT> >::__type std::find(std::istreambuf_iterator<_CharT>, std::istreambuf_iterator<_CharT>, const _CharT2&)
     find(istreambuf_iterator<_CharT> __first,
     ^
/usr/include/c++/4.8/bits/streambuf_iterator.h:369:5: note:   template argument deduction/substitution failed:
In file included from ../test_tree.cc:23:0:
../tree.hh:1472:43: note:   ‘tree<std::basic_string<char> >::sibling_iterator’ is not derived from ‘std::istreambuf_iterator<_CharT>’
       if((fnd=std::find(to1, to2, (*from1))) != to2) { // element found
                                           ^
make: *** [test_tree.o] Error 1
17:08:15 **** Incremental Build of configuration Debug for project helloword ****
make all 
make: Nothing to be done for `all'.
17:08:27 **** Incremental Build of configuration Debug for project Tree ****
make all 
Building file: ../test_tree.cc
Invoking: Cross G++ Compiler
g++ -O0 -g3 -Wall -c -fmessage-length=0 -MMD -MP -MF"test_tree.d" -MT"test_tree.d" -o "test_tree.o" "../test_tree.cc"
In file included from ../test_tree.cc:23:0:
../tree.hh:136:21: error: ‘ptrdiff_t’ does not name a type
             typedef ptrdiff_t                       difference_type;
                     ^
In file included from /usr/include/c++/4.8/bits/stl_algobase.h:65:0,
                 from /usr/include/c++/4.8/memory:62,
                 from ../tree.hh:63,
                 from ../test_tree.cc:23:
/usr/include/c++/4.8/bits/stl_iterator_base_types.h: In instantiation of ‘struct std::iterator_traits<tree<std::basic_string<char> >::pre_order_iterator>’:
/usr/include/c++/4.8/bits/stl_iterator_base_types.h:201:5:   required by substitution of ‘template<class _Iter> typename std::iterator_traits<_Iterator>::iterator_category std::__iterator_category(const _Iter&) [with _Iter = tree<std::basic_string<char> >::pre_order_iterator]’
/usr/include/c++/4.8/bits/stl_algo.h:4441:44:   required from ‘_IIter std::find(_IIter, _IIter, const _Tp&) [with _IIter = tree<std::basic_string<char> >::pre_order_iterator; _Tp = std::basic_string<char>]’
../test_tree.cc:163:57:   required from here
/usr/include/c++/4.8/bits/stl_iterator_base_types.h:167:53: error: no type named ‘difference_type’ in ‘class tree<std::basic_string<char> >::pre_order_iterator’
       typedef typename _Iterator::difference_type   difference_type;
                                                     ^
In file included from ../test_tree.cc:23:0:
../tree.hh: In instantiation of ‘void tree<T, tree_node_allocator>::merge(tree<T, tree_node_allocator>::sibling_iterator, tree<T, tree_node_allocator>::sibling_iterator, tree<T, tree_node_allocator>::sibling_iterator, tree<T, tree_node_allocator>::sibling_iterator, bool) [with T = std::basic_string<char>; tree_node_allocator = std::allocator<tree_node_<std::basic_string<char> > >]’:
../test_tree.cc:333:81:   required from here
../tree.hh:1472:43: error: no matching function for call to ‘find(tree<std::basic_string<char> >::sibling_iterator&, tree<std::basic_string<char> >::sibling_iterator&, std::basic_string<char>&)’
       if((fnd=std::find(to1, to2, (*from1))) != to2) { // element found
                                           ^
../tree.hh:1472:43: note: candidate is:
In file included from /usr/include/c++/4.8/bits/locale_facets.h:48:0,
                 from /usr/include/c++/4.8/bits/basic_ios.h:37,
                 from /usr/include/c++/4.8/ios:44,
                 from /usr/include/c++/4.8/ostream:38,
                 from /usr/include/c++/4.8/iterator:64,
                 from ../tree.hh:65,
                 from ../test_tree.cc:23:
/usr/include/c++/4.8/bits/streambuf_iterator.h:369:5: note: template<class _CharT2> typename __gnu_cxx::__enable_if<std::__is_char<_CharT2>::__value, std::istreambuf_iterator<_CharT> >::__type std::find(std::istreambuf_iterator<_CharT>, std::istreambuf_iterator<_CharT>, const _CharT2&)
     find(istreambuf_iterator<_CharT> __first,
     ^
/usr/include/c++/4.8/bits/streambuf_iterator.h:369:5: note:   template argument deduction/substitution failed:
In file included from ../test_tree.cc:23:0:
../tree.hh:1472:43: note:   ‘tree<std::basic_string<char> >::sibling_iterator’ is not derived from ‘std::istreambuf_iterator<_CharT>’
       if((fnd=std::find(to1, to2, (*from1))) != to2) { // element found
                                           ^
make: *** [test_tree.o] Error 1
17:08:27 **** Incremental Build of configuration Debug for project helloword ****
make all 
make: Nothing to be done for `all'.
17:12:18 **** Incremental Build of configuration Debug for project Tree ****
make all 
Building file: ../test_tree.cc
Invoking: Cross G++ Compiler
g++ -O0 -g3 -Wall -c -fmessage-length=0 -MMD -MP -MF"test_tree.d" -MT"test_tree.d" -o "test_tree.o" "../test_tree.cc"
In file included from ../test_tree.cc:23:0:
../tree.hh:136:21: error: ‘ptrdiff_t’ does not name a type
             typedef ptrdiff_t                       difference_type;
                     ^
In file included from /usr/include/c++/4.8/bits/stl_algobase.h:65:0,
                 from /usr/include/c++/4.8/memory:62,
                 from ../tree.hh:63,
                 from ../test_tree.cc:23:
/usr/include/c++/4.8/bits/stl_iterator_base_types.h: In instantiation of ‘struct std::iterator_traits<tree<std::basic_string<char> >::pre_order_iterator>’:
/usr/include/c++/4.8/bits/stl_iterator_base_types.h:201:5:   required by substitution of ‘template<class _Iter> typename std::iterator_traits<_Iterator>::iterator_category std::__iterator_category(const _Iter&) [with _Iter = tree<std::basic_string<char> >::pre_order_iterator]’
/usr/include/c++/4.8/bits/stl_algo.h:4441:44:   required from ‘_IIter std::find(_IIter, _IIter, const _Tp&) [with _IIter = tree<std::basic_string<char> >::pre_order_iterator; _Tp = std::basic_string<char>]’
../test_tree.cc:163:57:   required from here
/usr/include/c++/4.8/bits/stl_iterator_base_types.h:167:53: error: no type named ‘difference_type’ in ‘class tree<std::basic_string<char> >::pre_order_iterator’
       typedef typename _Iterator::difference_type   difference_type;
                                                     ^
In file included from ../test_tree.cc:23:0:
../tree.hh: In instantiation of ‘void tree<T, tree_node_allocator>::merge(tree<T, tree_node_allocator>::sibling_iterator, tree<T, tree_node_allocator>::sibling_iterator, tree<T, tree_node_allocator>::sibling_iterator, tree<T, tree_node_allocator>::sibling_iterator, bool) [with T = std::basic_string<char>; tree_node_allocator = std::allocator<tree_node_<std::basic_string<char> > >]’:
../test_tree.cc:333:81:   required from here
../tree.hh:1472:43: error: no matching function for call to ‘find(tree<std::basic_string<char> >::sibling_iterator&, tree<std::basic_string<char> >::sibling_iterator&, std::basic_string<char>&)’
       if((fnd=std::find(to1, to2, (*from1))) != to2) { // element found
                                           ^
../tree.hh:1472:43: note: candidate is:
In file included from /usr/include/c++/4.8/bits/locale_facets.h:48:0,
                 from /usr/include/c++/4.8/bits/basic_ios.h:37,
                 from /usr/include/c++/4.8/ios:44,
                 from /usr/include/c++/4.8/ostream:38,
                 from /usr/include/c++/4.8/iterator:64,
                 from ../tree.hh:65,
                 from ../test_tree.cc:23:
/usr/include/c++/4.8/bits/streambuf_iterator.h:369:5: note: template<class _CharT2> typename __gnu_cxx::__enable_if<std::__is_char<_CharT2>::__value, std::istreambuf_iterator<_CharT> >::__type std::find(std::istreambuf_iterator<_CharT>, std::istreambuf_iterator<_CharT>, const _CharT2&)
     find(istreambuf_iterator<_CharT> __first,
     ^
/usr/include/c++/4.8/bits/streambuf_iterator.h:369:5: note:   template argument deduction/substitution failed:
In file included from ../test_tree.cc:23:0:
../tree.hh:1472:43: note:   ‘tree<std::basic_string<char> >::sibling_iterator’ is not derived from ‘std::istreambuf_iterator<_CharT>’
       if((fnd=std::find(to1, to2, (*from1))) != to2) { // element found
                                           ^
make: *** [test_tree.o] Error 1
17:12:19 **** Incremental Build of configuration Debug for project helloword ****
make all 
make: Nothing to be done for `all'.
17:17:10 **** Incremental Build of configuration Debug for project helloword ****
make all 
make: Nothing to be done for `all'.
17:17:10 **** Build of configuration Debug for project tree-2.51 ****
make all 
Building file: ../test_tree.cc
Invoking: Cross G++ Compiler
g++ -O0 -g3 -Wall -c -fmessage-length=0 -MMD -MP -MF"test_tree.d" -MT"test_tree.d" -o "test_tree.o" "../test_tree.cc"
In file included from ../test_tree.cc:23:0:
../tree.hh:136:21: error: ‘ptrdiff_t’ does not name a type
             typedef ptrdiff_t                       difference_type;
                     ^
In file included from /usr/include/c++/4.8/bits/stl_algobase.h:65:0,
                 from /usr/include/c++/4.8/memory:62,
                 from ../tree.hh:63,
                 from ../test_tree.cc:23:
/usr/include/c++/4.8/bits/stl_iterator_base_types.h: In instantiation of ‘struct std::iterator_traits<tree<std::basic_string<char> >::pre_order_iterator>’:
/usr/include/c++/4.8/bits/stl_iterator_base_types.h:201:5:   required by substitution of ‘template<class _Iter> typename std::iterator_traits<_Iterator>::iterator_category std::__iterator_category(const _Iter&) [with _Iter = tree<std::basic_string<char> >::pre_order_iterator]’
/usr/include/c++/4.8/bits/stl_algo.h:4441:44:   required from ‘_IIter std::find(_IIter, _IIter, const _Tp&) [with _IIter = tree<std::basic_string<char> >::pre_order_iterator; _Tp = std::basic_string<char>]’
../test_tree.cc:163:57:   required from here
/usr/include/c++/4.8/bits/stl_iterator_base_types.h:167:53: error: no type named ‘difference_type’ in ‘class tree<std::basic_string<char> >::pre_order_iterator’
       typedef typename _Iterator::difference_type   difference_type;
                                                     ^
In file included from ../test_tree.cc:23:0:
../tree.hh: In instantiation of ‘void tree<T, tree_node_allocator>::merge(tree<T, tree_node_allocator>::sibling_iterator, tree<T, tree_node_allocator>::sibling_iterator, tree<T, tree_node_allocator>::sibling_iterator, tree<T, tree_node_allocator>::sibling_iterator, bool) [with T = std::basic_string<char>; tree_node_allocator = std::allocator<tree_node_<std::basic_string<char> > >]’:
../test_tree.cc:333:81:   required from here
../tree.hh:1472:43: error: no matching function for call to ‘find(tree<std::basic_string<char> >::sibling_iterator&, tree<std::basic_string<char> >::sibling_iterator&, std::basic_string<char>&)’
       if((fnd=std::find(to1, to2, (*from1))) != to2) { // element found
                                           ^
../tree.hh:1472:43: note: candidate is:
In file included from /usr/include/c++/4.8/bits/locale_facets.h:48:0,
                 from /usr/include/c++/4.8/bits/basic_ios.h:37,
                 from /usr/include/c++/4.8/ios:44,
                 from /usr/include/c++/4.8/ostream:38,
                 from /usr/include/c++/4.8/iterator:64,
                 from ../tree.hh:65,
                 from ../test_tree.cc:23:
/usr/include/c++/4.8/bits/streambuf_iterator.h:369:5: note: template<class _CharT2> typename __gnu_cxx::__enable_if<std::__is_char<_CharT2>::__value, std::istreambuf_iterator<_CharT> >::__type std::find(std::istreambuf_iterator<_CharT>, std::istreambuf_iterator<_CharT>, const _CharT2&)
     find(istreambuf_iterator<_CharT> __first,
     ^
/usr/include/c++/4.8/bits/streambuf_iterator.h:369:5: note:   template argument deduction/substitution failed:
In file included from ../test_tree.cc:23:0:
../tree.hh:1472:43: note:   ‘tree<std::basic_string<char> >::sibling_iterator’ is not derived from ‘std::istreambuf_iterator<_CharT>’
       if((fnd=std::find(to1, to2, (*from1))) != to2) { // element found
                                           ^
make: *** [test_tree.o] Error 1
17:17:11 **** Build of configuration Debug for project tree-2.65 ****
make all 
Building file: ../test_tree.cc
Invoking: Cross G++ Compiler
g++ -O0 -g3 -Wall -c -fmessage-length=0 -MMD -MP -MF"test_tree.d" -MT"test_tree.d" -o "test_tree.o" "../test_tree.cc"
In file included from ../test_tree.cc:21:0:
../tree.hh:142:21: error: ‘ptrdiff_t’ does not name a type
             typedef ptrdiff_t                       difference_type;
                     ^
In file included from /usr/include/c++/4.8/bits/stl_algobase.h:65:0,
                 from /usr/include/c++/4.8/memory:62,
                 from ../tree.hh:68,
                 from ../test_tree.cc:21:
/usr/include/c++/4.8/bits/stl_iterator_base_types.h: In instantiation of ‘struct std::iterator_traits<tree<std::basic_string<char> >::pre_order_iterator>’:
/usr/include/c++/4.8/bits/stl_iterator_base_types.h:201:5:   required by substitution of ‘template<class _Iter> typename std::iterator_traits<_Iterator>::iterator_category std::__iterator_category(const _Iter&) [with _Iter = tree<std::basic_string<char> >::pre_order_iterator]’
/usr/include/c++/4.8/bits/stl_algo.h:4441:44:   required from ‘_IIter std::find(_IIter, _IIter, const _Tp&) [with _IIter = tree<std::basic_string<char> >::pre_order_iterator; _Tp = std::basic_string<char>]’
../test_tree.cc:161:57:   required from here
/usr/include/c++/4.8/bits/stl_iterator_base_types.h:167:53: error: no type named ‘difference_type’ in ‘class tree<std::basic_string<char> >::pre_order_iterator’
       typedef typename _Iterator::difference_type   difference_type;
                                                     ^
/usr/include/c++/4.8/bits/stl_iterator_base_types.h: In instantiation of ‘struct std::iterator_traits<tree<std::basic_string<char> >::sibling_iterator>’:
/usr/include/c++/4.8/bits/stl_iterator_base_types.h:201:5:   required by substitution of ‘template<class _Iter> typename std::iterator_traits<_Iterator>::iterator_category std::__iterator_category(const _Iter&) [with _Iter = tree<std::basic_string<char> >::sibling_iterator]’
/usr/include/c++/4.8/bits/stl_algo.h:4441:44:   required from ‘_IIter std::find(_IIter, _IIter, const _Tp&) [with _IIter = tree<std::basic_string<char> >::sibling_iterator; _Tp = std::basic_string<char>]’
../tree.hh:1492:43:   required from ‘void tree<T, tree_node_allocator>::merge(tree<T, tree_node_allocator>::sibling_iterator, tree<T, tree_node_allocator>::sibling_iterator, tree<T, tree_node_allocator>::sibling_iterator, tree<T, tree_node_allocator>::sibling_iterator, bool) [with T = std::basic_string<char>; tree_node_allocator = std::allocator<tree_node_<std::basic_string<char> > >]’
../test_tree.cc:331:81:   required from here
/usr/include/c++/4.8/bits/stl_iterator_base_types.h:167:53: error: no type named ‘difference_type’ in ‘class tree<std::basic_string<char> >::sibling_iterator’
make: *** [test_tree.o] Error 1
17:28:21 **** Incremental Build of configuration Debug for project helloword ****
make all 
make: Nothing to be done for `all'.
17:28:21 **** Incremental Build of configuration Debug for project tree-2.65 ****
make all 
Building file: ../test_tree.cc
Invoking: Cross G++ Compiler
g++ -O0 -g3 -Wall -c -fmessage-length=0 -MMD -MP -MF"test_tree.d" -MT"test_tree.d" -o "test_tree.o" "../test_tree.cc"
In file included from ../test_tree.cc:21:0:
../tree.hh:142:21: error: ‘ptrdiff_t’ does not name a type
             typedef ptrdiff_t                       difference_type;
                     ^
In file included from /usr/include/c++/4.8/bits/stl_algobase.h:65:0,
                 from /usr/include/c++/4.8/memory:62,
                 from ../tree.hh:68,
                 from ../test_tree.cc:21:
/usr/include/c++/4.8/bits/stl_iterator_base_types.h: In instantiation of ‘struct std::iterator_traits<tree<std::basic_string<char> >::pre_order_iterator>’:
/usr/include/c++/4.8/bits/stl_iterator_base_types.h:201:5:   required by substitution of ‘template<class _Iter> typename std::iterator_traits<_Iterator>::iterator_category std::__iterator_category(const _Iter&) [with _Iter = tree<std::basic_string<char> >::pre_order_iterator]’
/usr/include/c++/4.8/bits/stl_algo.h:4441:44:   required from ‘_IIter std::find(_IIter, _IIter, const _Tp&) [with _IIter = tree<std::basic_string<char> >::pre_order_iterator; _Tp = std::basic_string<char>]’
../test_tree.cc:161:57:   required from here
/usr/include/c++/4.8/bits/stl_iterator_base_types.h:167:53: error: no type named ‘difference_type’ in ‘class tree<std::basic_string<char> >::pre_order_iterator’
       typedef typename _Iterator::difference_type   difference_type;
                                                     ^
/usr/include/c++/4.8/bits/stl_iterator_base_types.h: In instantiation of ‘struct std::iterator_traits<tree<std::basic_string<char> >::sibling_iterator>’:
/usr/include/c++/4.8/bits/stl_iterator_base_types.h:201:5:   required by substitution of ‘template<class _Iter> typename std::iterator_traits<_Iterator>::iterator_category std::__iterator_category(const _Iter&) [with _Iter = tree<std::basic_string<char> >::sibling_iterator]’
/usr/include/c++/4.8/bits/stl_algo.h:4441:44:   required from ‘_IIter std::find(_IIter, _IIter, const _Tp&) [with _IIter = tree<std::basic_string<char> >::sibling_iterator; _Tp = std::basic_string<char>]’
../tree.hh:1492:43:   required from ‘void tree<T, tree_node_allocator>::merge(tree<T, tree_node_allocator>::sibling_iterator, tree<T, tree_node_allocator>::sibling_iterator, tree<T, tree_node_allocator>::sibling_iterator, tree<T, tree_node_allocator>::sibling_iterator, bool) [with T = std::basic_string<char>; tree_node_allocator = std::allocator<tree_node_<std::basic_string<char> > >]’
../test_tree.cc:331:81:   required from here
/usr/include/c++/4.8/bits/stl_iterator_base_types.h:167:53: error: no type named ‘difference_type’ in ‘class tree<std::basic_string<char> >::sibling_iterator’
make: *** [test_tree.o] Error 1
17:31:23 **** Incremental Build of configuration Debug for project helloword ****
make all 
make: Nothing to be done for `all'.
17:31:24 **** Incremental Build of configuration Debug for project tree-2.65 ****
make all 
Building file: ../test_tree.cc
Invoking: Cross G++ Compiler
g++ -O0 -g3 -Wall -c -fmessage-length=0 -MMD -MP -MF"test_tree.d" -MT"test_tree.d" -o "test_tree.o" "../test_tree.cc"
In file included from ../test_tree.cc:21:0:
../tree.hh:142:21: error: ‘ptrdiff_t’ does not name a type
             typedef ptrdiff_t                       difference_type;
                     ^
In file included from /usr/include/c++/4.8/bits/stl_algobase.h:65:0,
                 from /usr/include/c++/4.8/memory:62,
                 from ../tree.hh:68,
                 from ../test_tree.cc:21:
/usr/include/c++/4.8/bits/stl_iterator_base_types.h: In instantiation of ‘struct std::iterator_traits<tree<std::basic_string<char> >::pre_order_iterator>’:
/usr/include/c++/4.8/bits/stl_iterator_base_types.h:201:5:   required by substitution of ‘template<class _Iter> typename std::iterator_traits<_Iterator>::iterator_category std::__iterator_category(const _Iter&) [with _Iter = tree<std::basic_string<char> >::pre_order_iterator]’
/usr/include/c++/4.8/bits/stl_algo.h:4441:44:   required from ‘_IIter std::find(_IIter, _IIter, const _Tp&) [with _IIter = tree<std::basic_string<char> >::pre_order_iterator; _Tp = std::basic_string<char>]’
../test_tree.cc:161:57:   required from here
/usr/include/c++/4.8/bits/stl_iterator_base_types.h:167:53: error: no type named ‘difference_type’ in ‘class tree<std::basic_string<char> >::pre_order_iterator’
       typedef typename _Iterator::difference_type   difference_type;
                                                     ^
/usr/include/c++/4.8/bits/stl_iterator_base_types.h: In instantiation of ‘struct std::iterator_traits<tree<std::basic_string<char> >::sibling_iterator>’:
/usr/include/c++/4.8/bits/stl_iterator_base_types.h:201:5:   required by substitution of ‘template<class _Iter> typename std::iterator_traits<_Iterator>::iterator_category std::__iterator_category(const _Iter&) [with _Iter = tree<std::basic_string<char> >::sibling_iterator]’
/usr/include/c++/4.8/bits/stl_algo.h:4441:44:   required from ‘_IIter std::find(_IIter, _IIter, const _Tp&) [with _IIter = tree<std::basic_string<char> >::sibling_iterator; _Tp = std::basic_string<char>]’
../tree.hh:1492:43:   required from ‘void tree<T, tree_node_allocator>::merge(tree<T, tree_node_allocator>::sibling_iterator, tree<T, tree_node_allocator>::sibling_iterator, tree<T, tree_node_allocator>::sibling_iterator, tree<T, tree_node_allocator>::sibling_iterator, bool) [with T = std::basic_string<char>; tree_node_allocator = std::allocator<tree_node_<std::basic_string<char> > >]’
../test_tree.cc:331:81:   required from here
/usr/include/c++/4.8/bits/stl_iterator_base_types.h:167:53: error: no type named ‘difference_type’ in ‘class tree<std::basic_string<char> >::sibling_iterator’
make: *** [test_tree.o] Error 1
17:38:01 **** Incremental Build of configuration Debug for project helloword ****
make all 
make: Nothing to be done for `all'.
17:38:01 **** Incremental Build of configuration Debug for project tree-2.65 ****
make all 
Building file: ../test_tree.cc
Invoking: Cross G++ Compiler
g++ -O0 -g3 -Wall -c -fmessage-length=0 -MMD -MP -MF"test_tree.d" -MT"test_tree.d" -o "test_tree.o" "../test_tree.cc"
In file included from /usr/include/c++/4.8/bits/stl_algobase.h:65:0,
                 from /usr/include/c++/4.8/memory:62,
                 from ../tree.hh:68,
                 from ../test_tree.cc:21:
/usr/include/c++/4.8/bits/stl_iterator_base_types.h: In instantiation of ‘struct std::iterator_traits<tree<std::basic_string<char> >::pre_order_iterator>’:
/usr/include/c++/4.8/bits/stl_iterator_base_types.h:201:5:   required by substitution of ‘template<class _Iter> typename std::iterator_traits<_Iterator>::iterator_category std::__iterator_category(const _Iter&) [with _Iter = tree<std::basic_string<char> >::pre_order_iterator]’
/usr/include/c++/4.8/bits/stl_algo.h:4441:44:   required from ‘_IIter std::find(_IIter, _IIter, const _Tp&) [with _IIter = tree<std::basic_string<char> >::pre_order_iterator; _Tp = std::basic_string<char>]’
../test_tree.cc:161:57:   required from here
/usr/include/c++/4.8/bits/stl_iterator_base_types.h:167:53: error: no type named ‘difference_type’ in ‘class tree<std::basic_string<char> >::pre_order_iterator’
       typedef typename _Iterator::difference_type   difference_type;
                                                     ^
/usr/include/c++/4.8/bits/stl_iterator_base_types.h: In instantiation of ‘struct std::iterator_traits<tree<std::basic_string<char> >::sibling_iterator>’:
/usr/include/c++/4.8/bits/stl_iterator_base_types.h:201:5:   required by substitution of ‘template<class _Iter> typename std::iterator_traits<_Iterator>::iterator_category std::__iterator_category(const _Iter&) [with _Iter = tree<std::basic_string<char> >::sibling_iterator]’
/usr/include/c++/4.8/bits/stl_algo.h:4441:44:   required from ‘_IIter std::find(_IIter, _IIter, const _Tp&) [with _IIter = tree<std::basic_string<char> >::sibling_iterator; _Tp = std::basic_string<char>]’
../tree.hh:1492:43:   required from ‘void tree<T, tree_node_allocator>::merge(tree<T, tree_node_allocator>::sibling_iterator, tree<T, tree_node_allocator>::sibling_iterator, tree<T, tree_node_allocator>::sibling_iterator, tree<T, tree_node_allocator>::sibling_iterator, bool) [with T = std::basic_string<char>; tree_node_allocator = std::allocator<tree_node_<std::basic_string<char> > >]’
../test_tree.cc:331:81:   required from here
/usr/include/c++/4.8/bits/stl_iterator_base_types.h:167:53: error: no type named ‘difference_type’ in ‘class tree<std::basic_string<char> >::sibling_iterator’
make: *** [test_tree.o] Error 1
17:39:13 **** Build of configuration Debug for project helloword ****
make all 
Building file: ../hello.cpp
Invoking: Cross G++ Compiler
g++ -O0 -g3 -Wall -c -fmessage-length=0 -MMD -MP -MF"hello.d" -MT"hello.d" -o "hello.o" "../hello.cpp"
Finished building: ../hello.cpp
 
Building target: helloword
Invoking: Cross G++ Linker
g++  -o "helloword"  ./hello.o   
Finished building target: helloword
 
17:39:14 **** Incremental Build of configuration Debug for project tree-2.65 ****
make all 
Building file: ../test_tree.cc
Invoking: Cross G++ Compiler
g++ -O0 -g3 -Wall -c -fmessage-length=0 -MMD -MP -MF"test_tree.d" -MT"test_tree.d" -o "test_tree.o" "../test_tree.cc"
In file included from /usr/include/c++/4.8/bits/stl_algobase.h:65:0,
                 from /usr/include/c++/4.8/memory:62,
                 from ../tree.hh:68,
                 from ../test_tree.cc:21:
/usr/include/c++/4.8/bits/stl_iterator_base_types.h: In instantiation of ‘struct std::iterator_traits<tree<std::basic_string<char> >::pre_order_iterator>’:
/usr/include/c++/4.8/bits/stl_iterator_base_types.h:201:5:   required by substitution of ‘template<class _Iter> typename std::iterator_traits<_Iterator>::iterator_category std::__iterator_category(const _Iter&) [with _Iter = tree<std::basic_string<char> >::pre_order_iterator]’
/usr/include/c++/4.8/bits/stl_algo.h:4441:44:   required from ‘_IIter std::find(_IIter, _IIter, const _Tp&) [with _IIter = tree<std::basic_string<char> >::pre_order_iterator; _Tp = std::basic_string<char>]’
../test_tree.cc:161:57:   required from here
/usr/include/c++/4.8/bits/stl_iterator_base_types.h:167:53: error: no type named ‘difference_type’ in ‘class tree<std::basic_string<char> >::pre_order_iterator’
       typedef typename _Iterator::difference_type   difference_type;
                                                     ^
/usr/include/c++/4.8/bits/stl_iterator_base_types.h: In instantiation of ‘struct std::iterator_traits<tree<std::basic_string<char> >::sibling_iterator>’:
/usr/include/c++/4.8/bits/stl_iterator_base_types.h:201:5:   required by substitution of ‘template<class _Iter> typename std::iterator_traits<_Iterator>::iterator_category std::__iterator_category(const _Iter&) [with _Iter = tree<std::basic_string<char> >::sibling_iterator]’
/usr/include/c++/4.8/bits/stl_algo.h:4441:44:   required from ‘_IIter std::find(_IIter, _IIter, const _Tp&) [with _IIter = tree<std::basic_string<char> >::sibling_iterator; _Tp = std::basic_string<char>]’
../tree.hh:1492:43:   required from ‘void tree<T, tree_node_allocator>::merge(tree<T, tree_node_allocator>::sibling_iterator, tree<T, tree_node_allocator>::sibling_iterator, tree<T, tree_node_allocator>::sibling_iterator, tree<T, tree_node_allocator>::sibling_iterator, bool) [with T = std::basic_string<char>; tree_node_allocator = std::allocator<tree_node_<std::basic_string<char> > >]’
../test_tree.cc:331:81:   required from here
/usr/include/c++/4.8/bits/stl_iterator_base_types.h:167:53: error: no type named ‘difference_type’ in ‘class tree<std::basic_string<char> >::sibling_iterator’
make: *** [test_tree.o] Error 1
17:39:20 **** Incremental Build of configuration Debug for project helloword ****
make all 
make: Nothing to be done for `all'.
17:39:22 **** Incremental Build of configuration Debug for project helloword ****
make all 
make: Nothing to be done for `all'.
17:39:31 **** Incremental Build of configuration Debug for project helloword ****
make all 
Building file: ../hello.cpp
Invoking: Cross G++ Compiler
g++ -O0 -g3 -Wall -c -fmessage-length=0 -MMD -MP -MF"hello.d" -MT"hello.d" -o "hello.o" "../hello.cpp"
Finished building: ../hello.cpp
 
Building target: helloword
Invoking: Cross G++ Linker
g++  -o "helloword"  ./hello.o   
Finished building target: helloword
 
17:39:51 **** Incremental Build of configuration Debug for project helloword ****
make all 
make: Nothing to be done for `all'.
17:39:51 **** Incremental Build of configuration Debug for project tree-2.65 ****
make all 
Building file: ../test_tree.cc
Invoking: Cross G++ Compiler
g++ -O0 -g3 -Wall -c -fmessage-length=0 -MMD -MP -MF"test_tree.d" -MT"test_tree.d" -o "test_tree.o" "../test_tree.cc"
In file included from /usr/include/c++/4.8/bits/stl_algobase.h:65:0,
                 from /usr/include/c++/4.8/memory:62,
                 from ../tree.hh:68,
                 from ../test_tree.cc:21:
/usr/include/c++/4.8/bits/stl_iterator_base_types.h: In instantiation of ‘struct std::iterator_traits<tree<std::basic_string<char> >::pre_order_iterator>’:
/usr/include/c++/4.8/bits/stl_iterator_base_types.h:201:5:   required by substitution of ‘template<class _Iter> typename std::iterator_traits<_Iterator>::iterator_category std::__iterator_category(const _Iter&) [with _Iter = tree<std::basic_string<char> >::pre_order_iterator]’
/usr/include/c++/4.8/bits/stl_algo.h:4441:44:   required from ‘_IIter std::find(_IIter, _IIter, const _Tp&) [with _IIter = tree<std::basic_string<char> >::pre_order_iterator; _Tp = std::basic_string<char>]’
../test_tree.cc:161:57:   required from here
/usr/include/c++/4.8/bits/stl_iterator_base_types.h:167:53: error: no type named ‘difference_type’ in ‘class tree<std::basic_string<char> >::pre_order_iterator’
       typedef typename _Iterator::difference_type   difference_type;
                                                     ^
/usr/include/c++/4.8/bits/stl_iterator_base_types.h: In instantiation of ‘struct std::iterator_traits<tree<std::basic_string<char> >::sibling_iterator>’:
/usr/include/c++/4.8/bits/stl_iterator_base_types.h:201:5:   required by substitution of ‘template<class _Iter> typename std::iterator_traits<_Iterator>::iterator_category std::__iterator_category(const _Iter&) [with _Iter = tree<std::basic_string<char> >::sibling_iterator]’
/usr/include/c++/4.8/bits/stl_algo.h:4441:44:   required from ‘_IIter std::find(_IIter, _IIter, const _Tp&) [with _IIter = tree<std::basic_string<char> >::sibling_iterator; _Tp = std::basic_string<char>]’
../tree.hh:1492:43:   required from ‘void tree<T, tree_node_allocator>::merge(tree<T, tree_node_allocator>::sibling_iterator, tree<T, tree_node_allocator>::sibling_iterator, tree<T, tree_node_allocator>::sibling_iterator, tree<T, tree_node_allocator>::sibling_iterator, bool) [with T = std::basic_string<char>; tree_node_allocator = std::allocator<tree_node_<std::basic_string<char> > >]’
../test_tree.cc:331:81:   required from here
/usr/include/c++/4.8/bits/stl_iterator_base_types.h:167:53: error: no type named ‘difference_type’ in ‘class tree<std::basic_string<char> >::sibling_iterator’
make: *** [test_tree.o] Error 1
17:40:18 **** Incremental Build of configuration Debug for project helloword ****
make all 
make: Nothing to be done for `all'.
17:40:18 **** Incremental Build of configuration Debug for project tree-2.65 ****
make all 
Building file: ../test_tree.cc
Invoking: Cross G++ Compiler
g++ -O0 -g3 -Wall -c -fmessage-length=0 -MMD -MP -MF"test_tree.d" -MT"test_tree.d" -o "test_tree.o" "../test_tree.cc"
In file included from /usr/include/c++/4.8/bits/stl_algobase.h:65:0,
                 from /usr/include/c++/4.8/memory:62,
                 from ../tree.hh:68,
                 from ../test_tree.cc:21:
/usr/include/c++/4.8/bits/stl_iterator_base_types.h: In instantiation of ‘struct std::iterator_traits<tree<std::basic_string<char> >::pre_order_iterator>’:
/usr/include/c++/4.8/bits/stl_iterator_base_types.h:201:5:   required by substitution of ‘template<class _Iter> typename std::iterator_traits<_Iterator>::iterator_category std::__iterator_category(const _Iter&) [with _Iter = tree<std::basic_string<char> >::pre_order_iterator]’
/usr/include/c++/4.8/bits/stl_algo.h:4441:44:   required from ‘_IIter std::find(_IIter, _IIter, const _Tp&) [with _IIter = tree<std::basic_string<char> >::pre_order_iterator; _Tp = std::basic_string<char>]’
../test_tree.cc:161:57:   required from here
/usr/include/c++/4.8/bits/stl_iterator_base_types.h:167:53: error: no type named ‘difference_type’ in ‘class tree<std::basic_string<char> >::pre_order_iterator’
       typedef typename _Iterator::difference_type   difference_type;
                                                     ^
/usr/include/c++/4.8/bits/stl_iterator_base_types.h: In instantiation of ‘struct std::iterator_traits<tree<std::basic_string<char> >::sibling_iterator>’:
/usr/include/c++/4.8/bits/stl_iterator_base_types.h:201:5:   required by substitution of ‘template<class _Iter> typename std::iterator_traits<_Iterator>::iterator_category std::__iterator_category(const _Iter&) [with _Iter = tree<std::basic_string<char> >::sibling_iterator]’
/usr/include/c++/4.8/bits/stl_algo.h:4441:44:   required from ‘_IIter std::find(_IIter, _IIter, const _Tp&) [with _IIter = tree<std::basic_string<char> >::sibling_iterator; _Tp = std::basic_string<char>]’
../tree.hh:1492:43:   required from ‘void tree<T, tree_node_allocator>::merge(tree<T, tree_node_allocator>::sibling_iterator, tree<T, tree_node_allocator>::sibling_iterator, tree<T, tree_node_allocator>::sibling_iterator, tree<T, tree_node_allocator>::sibling_iterator, bool) [with T = std::basic_string<char>; tree_node_allocator = std::allocator<tree_node_<std::basic_string<char> > >]’
../test_tree.cc:331:81:   required from here
/usr/include/c++/4.8/bits/stl_iterator_base_types.h:167:53: error: no type named ‘difference_type’ in ‘class tree<std::basic_string<char> >::sibling_iterator’
make: *** [test_tree.o] Error 1
17:42:49 **** Incremental Build of configuration Debug for project helloword ****
make all 
make: Nothing to be done for `all'.
17:42:49 **** Incremental Build of configuration Debug for project tree-2.65 ****
make all 
Building file: ../test_tree.cc
Invoking: Cross G++ Compiler
g++ -O0 -g3 -Wall -c -fmessage-length=0 -MMD -MP -MF"test_tree.d" -MT"test_tree.d" -o "test_tree.o" "../test_tree.cc"
In file included from /usr/include/c++/4.8/bits/stl_algobase.h:65:0,
                 from /usr/include/c++/4.8/memory:62,
                 from ../tree.hh:68,
                 from ../test_tree.cc:21:
/usr/include/c++/4.8/bits/stl_iterator_base_types.h: In instantiation of ‘struct std::iterator_traits<tree<std::basic_string<char> >::pre_order_iterator>’:
/usr/include/c++/4.8/bits/stl_iterator_base_types.h:201:5:   required by substitution of ‘template<class _Iter> typename std::iterator_traits<_Iterator>::iterator_category std::__iterator_category(const _Iter&) [with _Iter = tree<std::basic_string<char> >::pre_order_iterator]’
/usr/include/c++/4.8/bits/stl_algo.h:4441:44:   required from ‘_IIter std::find(_IIter, _IIter, const _Tp&) [with _IIter = tree<std::basic_string<char> >::pre_order_iterator; _Tp = std::basic_string<char>]’
../test_tree.cc:161:57:   required from here
/usr/include/c++/4.8/bits/stl_iterator_base_types.h:167:53: error: no type named ‘difference_type’ in ‘class tree<std::basic_string<char> >::pre_order_iterator’
       typedef typename _Iterator::difference_type   difference_type;
                                                     ^
/usr/include/c++/4.8/bits/stl_iterator_base_types.h: In instantiation of ‘struct std::iterator_traits<tree<std::basic_string<char> >::sibling_iterator>’:
/usr/include/c++/4.8/bits/stl_iterator_base_types.h:201:5:   required by substitution of ‘template<class _Iter> typename std::iterator_traits<_Iterator>::iterator_category std::__iterator_category(const _Iter&) [with _Iter = tree<std::basic_string<char> >::sibling_iterator]’
/usr/include/c++/4.8/bits/stl_algo.h:4441:44:   required from ‘_IIter std::find(_IIter, _IIter, const _Tp&) [with _IIter = tree<std::basic_string<char> >::sibling_iterator; _Tp = std::basic_string<char>]’
../tree.hh:1492:43:   required from ‘void tree<T, tree_node_allocator>::merge(tree<T, tree_node_allocator>::sibling_iterator, tree<T, tree_node_allocator>::sibling_iterator, tree<T, tree_node_allocator>::sibling_iterator, tree<T, tree_node_allocator>::sibling_iterator, bool) [with T = std::basic_string<char>; tree_node_allocator = std::allocator<tree_node_<std::basic_string<char> > >]’
../test_tree.cc:331:81:   required from here
/usr/include/c++/4.8/bits/stl_iterator_base_types.h:167:53: error: no type named ‘difference_type’ in ‘class tree<std::basic_string<char> >::sibling_iterator’
make: *** [test_tree.o] Error 1
17:47:23 **** Incremental Build of configuration Debug for project helloword ****
make all 
make: Nothing to be done for `all'.
17:47:23 **** Incremental Build of configuration Debug for project tree-2.65 ****
make all 
Building file: ../test_tree.cc
Invoking: Cross G++ Compiler
g++ -O0 -g3 -Wall -c -fmessage-length=0 -MMD -MP -MF"test_tree.d" -MT"test_tree.d" -o "test_tree.o" "../test_tree.cc"
In file included from /usr/include/c++/4.8/bits/stl_algobase.h:65:0,
                 from /usr/include/c++/4.8/memory:62,
                 from ../tree.hh:68,
                 from ../test_tree.cc:21:
/usr/include/c++/4.8/bits/stl_iterator_base_types.h: In instantiation of ‘struct std::iterator_traits<tree<std::basic_string<char> >::pre_order_iterator>’:
/usr/include/c++/4.8/bits/stl_iterator_base_types.h:201:5:   required by substitution of ‘template<class _Iter> typename std::iterator_traits<_Iterator>::iterator_category std::__iterator_category(const _Iter&) [with _Iter = tree<std::basic_string<char> >::pre_order_iterator]’
/usr/include/c++/4.8/bits/stl_algo.h:4441:44:   required from ‘_IIter std::find(_IIter, _IIter, const _Tp&) [with _IIter = tree<std::basic_string<char> >::pre_order_iterator; _Tp = std::basic_string<char>]’
../test_tree.cc:161:57:   required from here
/usr/include/c++/4.8/bits/stl_iterator_base_types.h:167:53: error: no type named ‘difference_type’ in ‘class tree<std::basic_string<char> >::pre_order_iterator’
       typedef typename _Iterator::difference_type   difference_type;
                                                     ^
/usr/include/c++/4.8/bits/stl_iterator_base_types.h: In instantiation of ‘struct std::iterator_traits<tree<std::basic_string<char> >::sibling_iterator>’:
/usr/include/c++/4.8/bits/stl_iterator_base_types.h:201:5:   required by substitution of ‘template<class _Iter> typename std::iterator_traits<_Iterator>::iterator_category std::__iterator_category(const _Iter&) [with _Iter = tree<std::basic_string<char> >::sibling_iterator]’
/usr/include/c++/4.8/bits/stl_algo.h:4441:44:   required from ‘_IIter std::find(_IIter, _IIter, const _Tp&) [with _IIter = tree<std::basic_string<char> >::sibling_iterator; _Tp = std::basic_string<char>]’
../tree.hh:1492:43:   required from ‘void tree<T, tree_node_allocator>::merge(tree<T, tree_node_allocator>::sibling_iterator, tree<T, tree_node_allocator>::sibling_iterator, tree<T, tree_node_allocator>::sibling_iterator, tree<T, tree_node_allocator>::sibling_iterator, bool) [with T = std::basic_string<char>; tree_node_allocator = std::allocator<tree_node_<std::basic_string<char> > >]’
../test_tree.cc:331:81:   required from here
/usr/include/c++/4.8/bits/stl_iterator_base_types.h:167:53: error: no type named ‘difference_type’ in ‘class tree<std::basic_string<char> >::sibling_iterator’
make: *** [test_tree.o] Error 1
17:47:49 **** Incremental Build of configuration Debug for project helloword ****
make all 
make: Nothing to be done for `all'.
17:47:49 **** Incremental Build of configuration Debug for project tree-2.65 ****
make all 
Building file: ../test_tree.cc
Invoking: Cross G++ Compiler
g++ -O0 -g3 -Wall -c -fmessage-length=0 -MMD -MP -MF"test_tree.d" -MT"test_tree.d" -o "test_tree.o" "../test_tree.cc"
In file included from ../test_tree.cc:21:0:
../tree.hh:214:56: error: ‘tree<T, tree_node_allocator>::breadth_first_queued_iterator& tree<T, tree_node_allocator>::breadth_first_queued_iterator::operator-=()’ must take exactly one argument
             breadth_first_queued_iterator&  operator-=();
                                                        ^
In file included from /usr/include/c++/4.8/bits/stl_algobase.h:65:0,
                 from /usr/include/c++/4.8/memory:62,
                 from ../tree.hh:68,
                 from ../test_tree.cc:21:
/usr/include/c++/4.8/bits/stl_iterator_base_types.h: In instantiation of ‘struct std::iterator_traits<tree<std::basic_string<char> >::pre_order_iterator>’:
/usr/include/c++/4.8/bits/stl_iterator_base_types.h:201:5:   required by substitution of ‘template<class _Iter> typename std::iterator_traits<_Iterator>::iterator_category std::__iterator_category(const _Iter&) [with _Iter = tree<std::basic_string<char> >::pre_order_iterator]’
/usr/include/c++/4.8/bits/stl_algo.h:4441:44:   required from ‘_IIter std::find(_IIter, _IIter, const _Tp&) [with _IIter = tree<std::basic_string<char> >::pre_order_iterator; _Tp = std::basic_string<char>]’
../test_tree.cc:161:57:   required from here
/usr/include/c++/4.8/bits/stl_iterator_base_types.h:167:53: error: no type named ‘difference_type’ in ‘class tree<std::basic_string<char> >::pre_order_iterator’
       typedef typename _Iterator::difference_type   difference_type;
                                                     ^
/usr/include/c++/4.8/bits/stl_iterator_base_types.h: In instantiation of ‘struct std::iterator_traits<tree<std::basic_string<char> >::sibling_iterator>’:
/usr/include/c++/4.8/bits/stl_iterator_base_types.h:201:5:   required by substitution of ‘template<class _Iter> typename std::iterator_traits<_Iterator>::iterator_category std::__iterator_category(const _Iter&) [with _Iter = tree<std::basic_string<char> >::sibling_iterator]’
/usr/include/c++/4.8/bits/stl_algo.h:4441:44:   required from ‘_IIter std::find(_IIter, _IIter, const _Tp&) [with _IIter = tree<std::basic_string<char> >::sibling_iterator; _Tp = std::basic_string<char>]’
../tree.hh:1493:43:   required from ‘void tree<T, tree_node_allocator>::merge(tree<T, tree_node_allocator>::sibling_iterator, tree<T, tree_node_allocator>::sibling_iterator, tree<T, tree_node_allocator>::sibling_iterator, tree<T, tree_node_allocator>::sibling_iterator, bool) [with T = std::basic_string<char>; tree_node_allocator = std::allocator<tree_node_<std::basic_string<char> > >]’
../test_tree.cc:331:81:   required from here
/usr/include/c++/4.8/bits/stl_iterator_base_types.h:167:53: error: no type named ‘difference_type’ in ‘class tree<std::basic_string<char> >::sibling_iterator’
make: *** [test_tree.o] Error 1
17:48:09 **** Incremental Build of configuration Debug for project helloword ****
make all 
make: Nothing to be done for `all'.
17:48:09 **** Incremental Build of configuration Debug for project tree-2.65 ****
make all 
Building file: ../test_tree.cc
Invoking: Cross G++ Compiler
g++ -O0 -g3 -Wall -c -fmessage-length=0 -MMD -MP -MF"test_tree.d" -MT"test_tree.d" -o "test_tree.o" "../test_tree.cc"
In file included from /usr/include/c++/4.8/bits/stl_algobase.h:65:0,
                 from /usr/include/c++/4.8/memory:62,
                 from ../tree.hh:68,
                 from ../test_tree.cc:21:
/usr/include/c++/4.8/bits/stl_iterator_base_types.h: In instantiation of ‘struct std::iterator_traits<tree<std::basic_string<char> >::pre_order_iterator>’:
/usr/include/c++/4.8/bits/stl_iterator_base_types.h:201:5:   required by substitution of ‘template<class _Iter> typename std::iterator_traits<_Iterator>::iterator_category std::__iterator_category(const _Iter&) [with _Iter = tree<std::basic_string<char> >::pre_order_iterator]’
/usr/include/c++/4.8/bits/stl_algo.h:4441:44:   required from ‘_IIter std::find(_IIter, _IIter, const _Tp&) [with _IIter = tree<std::basic_string<char> >::pre_order_iterator; _Tp = std::basic_string<char>]’
../test_tree.cc:161:57:   required from here
/usr/include/c++/4.8/bits/stl_iterator_base_types.h:167:53: error: no type named ‘difference_type’ in ‘class tree<std::basic_string<char> >::pre_order_iterator’
       typedef typename _Iterator::difference_type   difference_type;
                                                     ^
/usr/include/c++/4.8/bits/stl_iterator_base_types.h: In instantiation of ‘struct std::iterator_traits<tree<std::basic_string<char> >::sibling_iterator>’:
/usr/include/c++/4.8/bits/stl_iterator_base_types.h:201:5:   required by substitution of ‘template<class _Iter> typename std::iterator_traits<_Iterator>::iterator_category std::__iterator_category(const _Iter&) [with _Iter = tree<std::basic_string<char> >::sibling_iterator]’
/usr/include/c++/4.8/bits/stl_algo.h:4441:44:   required from ‘_IIter std::find(_IIter, _IIter, const _Tp&) [with _IIter = tree<std::basic_string<char> >::sibling_iterator; _Tp = std::basic_string<char>]’
../tree.hh:1493:43:   required from ‘void tree<T, tree_node_allocator>::merge(tree<T, tree_node_allocator>::sibling_iterator, tree<T, tree_node_allocator>::sibling_iterator, tree<T, tree_node_allocator>::sibling_iterator, tree<T, tree_node_allocator>::sibling_iterator, bool) [with T = std::basic_string<char>; tree_node_allocator = std::allocator<tree_node_<std::basic_string<char> > >]’
../test_tree.cc:331:81:   required from here
/usr/include/c++/4.8/bits/stl_iterator_base_types.h:167:53: error: no type named ‘difference_type’ in ‘class tree<std::basic_string<char> >::sibling_iterator’
make: *** [test_tree.o] Error 1
17:48:19 **** Incremental Build of configuration Debug for project helloword ****
make all 
make: Nothing to be done for `all'.
17:48:19 **** Incremental Build of configuration Debug for project tree-2.65 ****
make all 
Building file: ../test_tree.cc
Invoking: Cross G++ Compiler
g++ -O0 -g3 -Wall -c -fmessage-length=0 -MMD -MP -MF"test_tree.d" -MT"test_tree.d" -o "test_tree.o" "../test_tree.cc"
In file included from /usr/include/c++/4.8/bits/stl_algobase.h:65:0,
                 from /usr/include/c++/4.8/memory:62,
                 from ../tree.hh:68,
                 from ../test_tree.cc:21:
/usr/include/c++/4.8/bits/stl_iterator_base_types.h: In instantiation of ‘struct std::iterator_traits<tree<std::basic_string<char> >::pre_order_iterator>’:
/usr/include/c++/4.8/bits/stl_iterator_base_types.h:201:5:   required by substitution of ‘template<class _Iter> typename std::iterator_traits<_Iterator>::iterator_category std::__iterator_category(const _Iter&) [with _Iter = tree<std::basic_string<char> >::pre_order_iterator]’
/usr/include/c++/4.8/bits/stl_algo.h:4441:44:   required from ‘_IIter std::find(_IIter, _IIter, const _Tp&) [with _IIter = tree<std::basic_string<char> >::pre_order_iterator; _Tp = std::basic_string<char>]’
../test_tree.cc:161:57:   required from here
/usr/include/c++/4.8/bits/stl_iterator_base_types.h:167:53: error: no type named ‘difference_type’ in ‘class tree<std::basic_string<char> >::pre_order_iterator’
       typedef typename _Iterator::difference_type   difference_type;
                                                     ^
/usr/include/c++/4.8/bits/stl_iterator_base_types.h: In instantiation of ‘struct std::iterator_traits<tree<std::basic_string<char> >::sibling_iterator>’:
/usr/include/c++/4.8/bits/stl_iterator_base_types.h:201:5:   required by substitution of ‘template<class _Iter> typename std::iterator_traits<_Iterator>::iterator_category std::__iterator_category(const _Iter&) [with _Iter = tree<std::basic_string<char> >::sibling_iterator]’
/usr/include/c++/4.8/bits/stl_algo.h:4441:44:   required from ‘_IIter std::find(_IIter, _IIter, const _Tp&) [with _IIter = tree<std::basic_string<char> >::sibling_iterator; _Tp = std::basic_string<char>]’
../tree.hh:1493:43:   required from ‘void tree<T, tree_node_allocator>::merge(tree<T, tree_node_allocator>::sibling_iterator, tree<T, tree_node_allocator>::sibling_iterator, tree<T, tree_node_allocator>::sibling_iterator, tree<T, tree_node_allocator>::sibling_iterator, bool) [with T = std::basic_string<char>; tree_node_allocator = std::allocator<tree_node_<std::basic_string<char> > >]’
../test_tree.cc:331:81:   required from here
/usr/include/c++/4.8/bits/stl_iterator_base_types.h:167:53: error: no type named ‘difference_type’ in ‘class tree<std::basic_string<char> >::sibling_iterator’
make: *** [test_tree.o] Error 1
17:48:26 **** Incremental Build of configuration Debug for project helloword ****
make all 
make: Nothing to be done for `all'.
17:48:32 **** Incremental Build of configuration Debug for project helloword ****
make all 
make: Nothing to be done for `all'.
17:48:32 **** Incremental Build of configuration Debug for project tree-2.65 ****
make all 
Building file: ../test_tree.cc
Invoking: Cross G++ Compiler
g++ -O0 -g3 -Wall -c -fmessage-length=0 -MMD -MP -MF"test_tree.d" -MT"test_tree.d" -o "test_tree.o" "../test_tree.cc"
In file included from /usr/include/c++/4.8/bits/stl_algobase.h:65:0,
                 from /usr/include/c++/4.8/memory:62,
                 from ../tree.hh:68,
                 from ../test_tree.cc:21:
/usr/include/c++/4.8/bits/stl_iterator_base_types.h: In instantiation of ‘struct std::iterator_traits<tree<std::basic_string<char> >::pre_order_iterator>’:
/usr/include/c++/4.8/bits/stl_iterator_base_types.h:201:5:   required by substitution of ‘template<class _Iter> typename std::iterator_traits<_Iterator>::iterator_category std::__iterator_category(const _Iter&) [with _Iter = tree<std::basic_string<char> >::pre_order_iterator]’
/usr/include/c++/4.8/bits/stl_algo.h:4441:44:   required from ‘_IIter std::find(_IIter, _IIter, const _Tp&) [with _IIter = tree<std::basic_string<char> >::pre_order_iterator; _Tp = std::basic_string<char>]’
../test_tree.cc:161:57:   required from here
/usr/include/c++/4.8/bits/stl_iterator_base_types.h:167:53: error: no type named ‘difference_type’ in ‘class tree<std::basic_string<char> >::pre_order_iterator’
       typedef typename _Iterator::difference_type   difference_type;
                                                     ^
/usr/include/c++/4.8/bits/stl_iterator_base_types.h: In instantiation of ‘struct std::iterator_traits<tree<std::basic_string<char> >::sibling_iterator>’:
/usr/include/c++/4.8/bits/stl_iterator_base_types.h:201:5:   required by substitution of ‘template<class _Iter> typename std::iterator_traits<_Iterator>::iterator_category std::__iterator_category(const _Iter&) [with _Iter = tree<std::basic_string<char> >::sibling_iterator]’
/usr/include/c++/4.8/bits/stl_algo.h:4441:44:   required from ‘_IIter std::find(_IIter, _IIter, const _Tp&) [with _IIter = tree<std::basic_string<char> >::sibling_iterator; _Tp = std::basic_string<char>]’
../tree.hh:1493:43:   required from ‘void tree<T, tree_node_allocator>::merge(tree<T, tree_node_allocator>::sibling_iterator, tree<T, tree_node_allocator>::sibling_iterator, tree<T, tree_node_allocator>::sibling_iterator, tree<T, tree_node_allocator>::sibling_iterator, bool) [with T = std::basic_string<char>; tree_node_allocator = std::allocator<tree_node_<std::basic_string<char> > >]’
../test_tree.cc:331:81:   required from here
/usr/include/c++/4.8/bits/stl_iterator_base_types.h:167:53: error: no type named ‘difference_type’ in ‘class tree<std::basic_string<char> >::sibling_iterator’
make: *** [test_tree.o] Error 1
17:59:12 **** Incremental Build of configuration Debug for project helloword ****
make all 
make: Nothing to be done for `all'.
17:59:12 **** Incremental Build of configuration Debug for project tree-2.65 ****
make all 
Building file: ../test_tree.cc
Invoking: Cross G++ Compiler
g++ -O0 -g3 -Wall -c -fmessage-length=0 -MMD -MP -MF"test_tree.d" -MT"test_tree.d" -o "test_tree.o" "../test_tree.cc"
In file included from /usr/include/c++/4.8/bits/stl_algobase.h:65:0,
                 from /usr/include/c++/4.8/memory:62,
                 from ../tree.hh:68,
                 from ../test_tree.cc:21:
/usr/include/c++/4.8/bits/stl_iterator_base_types.h: In instantiation of ‘struct std::iterator_traits<tree<std::basic_string<char> >::pre_order_iterator>’:
/usr/include/c++/4.8/bits/stl_iterator_base_types.h:201:5:   required by substitution of ‘template<class _Iter> typename std::iterator_traits<_Iterator>::iterator_category std::__iterator_category(const _Iter&) [with _Iter = tree<std::basic_string<char> >::pre_order_iterator]’
/usr/include/c++/4.8/bits/stl_algo.h:4441:44:   required from ‘_IIter std::find(_IIter, _IIter, const _Tp&) [with _IIter = tree<std::basic_string<char> >::pre_order_iterator; _Tp = std::basic_string<char>]’
../test_tree.cc:161:57:   required from here
/usr/include/c++/4.8/bits/stl_iterator_base_types.h:167:53: error: no type named ‘difference_type’ in ‘class tree<std::basic_string<char> >::pre_order_iterator’
       typedef typename _Iterator::difference_type   difference_type;
                                                     ^
/usr/include/c++/4.8/bits/stl_iterator_base_types.h: In instantiation of ‘struct std::iterator_traits<tree<std::basic_string<char> >::sibling_iterator>’:
/usr/include/c++/4.8/bits/stl_iterator_base_types.h:201:5:   required by substitution of ‘template<class _Iter> typename std::iterator_traits<_Iterator>::iterator_category std::__iterator_category(const _Iter&) [with _Iter = tree<std::basic_string<char> >::sibling_iterator]’
/usr/include/c++/4.8/bits/stl_algo.h:4441:44:   required from ‘_IIter std::find(_IIter, _IIter, const _Tp&) [with _IIter = tree<std::basic_string<char> >::sibling_iterator; _Tp = std::basic_string<char>]’
../tree.hh:1493:43:   required from ‘void tree<T, tree_node_allocator>::merge(tree<T, tree_node_allocator>::sibling_iterator, tree<T, tree_node_allocator>::sibling_iterator, tree<T, tree_node_allocator>::sibling_iterator, tree<T, tree_node_allocator>::sibling_iterator, bool) [with T = std::basic_string<char>; tree_node_allocator = std::allocator<tree_node_<std::basic_string<char> > >]’
../test_tree.cc:331:81:   required from here
/usr/include/c++/4.8/bits/stl_iterator_base_types.h:167:53: error: no type named ‘difference_type’ in ‘class tree<std::basic_string<char> >::sibling_iterator’
make: *** [test_tree.o] Error 1
17:59:42 **** Incremental Build of configuration Debug for project helloword ****
make all 
make: Nothing to be done for `all'.
17:59:42 **** Incremental Build of configuration Debug for project tree-2.65 ****
make all 
Building file: ../test_tree.cc
Invoking: Cross G++ Compiler
g++ -O0 -g3 -Wall -c -fmessage-length=0 -MMD -MP -MF"test_tree.d" -MT"test_tree.d" -o "test_tree.o" "../test_tree.cc"
In file included from /usr/include/c++/4.8/bits/stl_algobase.h:65:0,
                 from /usr/include/c++/4.8/memory:62,
                 from ../tree.hh:68,
                 from ../test_tree.cc:21:
/usr/include/c++/4.8/bits/stl_iterator_base_types.h: In instantiation of ‘struct std::iterator_traits<tree<std::basic_string<char> >::pre_order_iterator>’:
/usr/include/c++/4.8/bits/stl_iterator_base_types.h:201:5:   required by substitution of ‘template<class _Iter> typename std::iterator_traits<_Iterator>::iterator_category std::__iterator_category(const _Iter&) [with _Iter = tree<std::basic_string<char> >::pre_order_iterator]’
/usr/include/c++/4.8/bits/stl_algo.h:4441:44:   required from ‘_IIter std::find(_IIter, _IIter, const _Tp&) [with _IIter = tree<std::basic_string<char> >::pre_order_iterator; _Tp = std::basic_string<char>]’
../test_tree.cc:161:57:   required from here
/usr/include/c++/4.8/bits/stl_iterator_base_types.h:167:53: error: no type named ‘difference_type’ in ‘class tree<std::basic_string<char> >::pre_order_iterator’
       typedef typename _Iterator::difference_type   difference_type;
                                                     ^
/usr/include/c++/4.8/bits/stl_iterator_base_types.h: In instantiation of ‘struct std::iterator_traits<tree<std::basic_string<char> >::sibling_iterator>’:
/usr/include/c++/4.8/bits/stl_iterator_base_types.h:201:5:   required by substitution of ‘template<class _Iter> typename std::iterator_traits<_Iterator>::iterator_category std::__iterator_category(const _Iter&) [with _Iter = tree<std::basic_string<char> >::sibling_iterator]’
/usr/include/c++/4.8/bits/stl_algo.h:4441:44:   required from ‘_IIter std::find(_IIter, _IIter, const _Tp&) [with _IIter = tree<std::basic_string<char> >::sibling_iterator; _Tp = std::basic_string<char>]’
../tree.hh:1493:43:   required from ‘void tree<T, tree_node_allocator>::merge(tree<T, tree_node_allocator>::sibling_iterator, tree<T, tree_node_allocator>::sibling_iterator, tree<T, tree_node_allocator>::sibling_iterator, tree<T, tree_node_allocator>::sibling_iterator, bool) [with T = std::basic_string<char>; tree_node_allocator = std::allocator<tree_node_<std::basic_string<char> > >]’
../test_tree.cc:331:81:   required from here
/usr/include/c++/4.8/bits/stl_iterator_base_types.h:167:53: error: no type named ‘difference_type’ in ‘class tree<std::basic_string<char> >::sibling_iterator’
make: *** [test_tree.o] Error 1
18:01:09 **** Incremental Build of configuration Debug for project helloword ****
make all 
make: Nothing to be done for `all'.
18:01:09 **** Clean-only build of configuration Debug for project tree-2.65 ****
make clean 
rm -rf  ./test_tree.d ./tree_example.d  ./test_tree.o ./tree_example.o  tree-2.65
 
18:01:09 **** Incremental Build of configuration Debug for project tree-2.65 ****
make all 
Building file: ../test_tree.cpp
Invoking: Cross G++ Compiler
g++ -O0 -g3 -Wall -c -fmessage-length=0 -MMD -MP -MF"test_tree.d" -MT"test_tree.d" -o "test_tree.o" "../test_tree.cpp"
../test_tree.cpp:21:19: fatal error: tree.hh: No such file or directory
 #include "tree.hh"
                   ^
compilation terminated.
make: *** [test_tree.o] Error 1
18:02:48 **** Incremental Build of configuration Debug for project helloword ****
make all 
make: Nothing to be done for `all'.
18:02:48 **** Incremental Build of configuration Debug for project tree-2.65 ****
make all 
Building file: ../test_tree.cpp
Invoking: Cross G++ Compiler
g++ -O0 -g3 -Wall -c -fmessage-length=0 -MMD -MP -MF"test_tree.d" -MT"test_tree.d" -o "test_tree.o" "../test_tree.cpp"
In file included from /usr/include/c++/4.8/bits/stl_algobase.h:65:0,
                 from /usr/include/c++/4.8/memory:62,
                 from ../tree.h:68,
                 from ../test_tree.cpp:21:
/usr/include/c++/4.8/bits/stl_iterator_base_types.h: In instantiation of ‘struct std::iterator_traits<tree<std::basic_string<char> >::pre_order_iterator>’:
/usr/include/c++/4.8/bits/stl_iterator_base_types.h:201:5:   required by substitution of ‘template<class _Iter> typename std::iterator_traits<_Iterator>::iterator_category std::__iterator_category(const _Iter&) [with _Iter = tree<std::basic_string<char> >::pre_order_iterator]’
/usr/include/c++/4.8/bits/stl_algo.h:4441:44:   required from ‘_IIter std::find(_IIter, _IIter, const _Tp&) [with _IIter = tree<std::basic_string<char> >::pre_order_iterator; _Tp = std::basic_string<char>]’
../test_tree.cpp:161:57:   required from here
/usr/include/c++/4.8/bits/stl_iterator_base_types.h:167:53: error: no type named ‘difference_type’ in ‘class tree<std::basic_string<char> >::pre_order_iterator’
       typedef typename _Iterator::difference_type   difference_type;
                                                     ^
/usr/include/c++/4.8/bits/stl_iterator_base_types.h: In instantiation of ‘struct std::iterator_traits<tree<std::basic_string<char> >::sibling_iterator>’:
/usr/include/c++/4.8/bits/stl_iterator_base_types.h:201:5:   required by substitution of ‘template<class _Iter> typename std::iterator_traits<_Iterator>::iterator_category std::__iterator_category(const _Iter&) [with _Iter = tree<std::basic_string<char> >::sibling_iterator]’
/usr/include/c++/4.8/bits/stl_algo.h:4441:44:   required from ‘_IIter std::find(_IIter, _IIter, const _Tp&) [with _IIter = tree<std::basic_string<char> >::sibling_iterator; _Tp = std::basic_string<char>]’
../tree.h:1493:43:   required from ‘void tree<T, tree_node_allocator>::merge(tree<T, tree_node_allocator>::sibling_iterator, tree<T, tree_node_allocator>::sibling_iterator, tree<T, tree_node_allocator>::sibling_iterator, tree<T, tree_node_allocator>::sibling_iterator, bool) [with T = std::basic_string<char>; tree_node_allocator = std::allocator<tree_node_<std::basic_string<char> > >]’
../test_tree.cpp:331:81:   required from here
/usr/include/c++/4.8/bits/stl_iterator_base_types.h:167:53: error: no type named ‘difference_type’ in ‘class tree<std::basic_string<char> >::sibling_iterator’
make: *** [test_tree.o] Error 1
18:03:18 **** Incremental Build of configuration Debug for project helloword ****
make all 
make: Nothing to be done for `all'.
18:03:18 **** Incremental Build of configuration Debug for project tree-2.65 ****
make all 
Building file: ../test_tree.cpp
Invoking: Cross G++ Compiler
g++ -O0 -g3 -Wall -c -fmessage-length=0 -MMD -MP -MF"test_tree.d" -MT"test_tree.d" -o "test_tree.o" "../test_tree.cpp"
In file included from /usr/include/c++/4.8/bits/stl_algobase.h:65:0,
                 from /usr/include/c++/4.8/memory:62,
                 from ../tree.h:68,
                 from ../test_tree.cpp:21:
/usr/include/c++/4.8/bits/stl_iterator_base_types.h: In instantiation of ‘struct std::iterator_traits<tree<std::basic_string<char> >::pre_order_iterator>’:
/usr/include/c++/4.8/bits/stl_iterator_base_types.h:201:5:   required by substitution of ‘template<class _Iter> typename std::iterator_traits<_Iterator>::iterator_category std::__iterator_category(const _Iter&) [with _Iter = tree<std::basic_string<char> >::pre_order_iterator]’
/usr/include/c++/4.8/bits/stl_algo.h:4441:44:   required from ‘_IIter std::find(_IIter, _IIter, const _Tp&) [with _IIter = tree<std::basic_string<char> >::pre_order_iterator; _Tp = std::basic_string<char>]’
../test_tree.cpp:161:57:   required from here
/usr/include/c++/4.8/bits/stl_iterator_base_types.h:167:53: error: no type named ‘difference_type’ in ‘class tree<std::basic_string<char> >::pre_order_iterator’
       typedef typename _Iterator::difference_type   difference_type;
                                                     ^
/usr/include/c++/4.8/bits/stl_iterator_base_types.h: In instantiation of ‘struct std::iterator_traits<tree<std::basic_string<char> >::sibling_iterator>’:
/usr/include/c++/4.8/bits/stl_iterator_base_types.h:201:5:   required by substitution of ‘template<class _Iter> typename std::iterator_traits<_Iterator>::iterator_category std::__iterator_category(const _Iter&) [with _Iter = tree<std::basic_string<char> >::sibling_iterator]’
/usr/include/c++/4.8/bits/stl_algo.h:4441:44:   required from ‘_IIter std::find(_IIter, _IIter, const _Tp&) [with _IIter = tree<std::basic_string<char> >::sibling_iterator; _Tp = std::basic_string<char>]’
../tree.h:1493:43:   required from ‘void tree<T, tree_node_allocator>::merge(tree<T, tree_node_allocator>::sibling_iterator, tree<T, tree_node_allocator>::sibling_iterator, tree<T, tree_node_allocator>::sibling_iterator, tree<T, tree_node_allocator>::sibling_iterator, bool) [with T = std::basic_string<char>; tree_node_allocator = std::allocator<tree_node_<std::basic_string<char> > >]’
../test_tree.cpp:331:81:   required from here
/usr/include/c++/4.8/bits/stl_iterator_base_types.h:167:53: error: no type named ‘difference_type’ in ‘class tree<std::basic_string<char> >::sibling_iterator’
make: *** [test_tree.o] Error 1
18:03:20 **** Incremental Build of configuration Debug for project helloword ****
make all 
make: Nothing to be done for `all'.
18:03:20 **** Incremental Build of configuration Debug for project tree-2.65 ****
make all 
Building file: ../test_tree.cpp
Invoking: Cross G++ Compiler
g++ -O0 -g3 -Wall -c -fmessage-length=0 -MMD -MP -MF"test_tree.d" -MT"test_tree.d" -o "test_tree.o" "../test_tree.cpp"
In file included from /usr/include/c++/4.8/bits/stl_algobase.h:65:0,
                 from /usr/include/c++/4.8/memory:62,
                 from ../tree.h:68,
                 from ../test_tree.cpp:21:
/usr/include/c++/4.8/bits/stl_iterator_base_types.h: In instantiation of ‘struct std::iterator_traits<tree<std::basic_string<char> >::pre_order_iterator>’:
/usr/include/c++/4.8/bits/stl_iterator_base_types.h:201:5:   required by substitution of ‘template<class _Iter> typename std::iterator_traits<_Iterator>::iterator_category std::__iterator_category(const _Iter&) [with _Iter = tree<std::basic_string<char> >::pre_order_iterator]’
/usr/include/c++/4.8/bits/stl_algo.h:4441:44:   required from ‘_IIter std::find(_IIter, _IIter, const _Tp&) [with _IIter = tree<std::basic_string<char> >::pre_order_iterator; _Tp = std::basic_string<char>]’
../test_tree.cpp:161:57:   required from here
/usr/include/c++/4.8/bits/stl_iterator_base_types.h:167:53: error: no type named ‘difference_type’ in ‘class tree<std::basic_string<char> >::pre_order_iterator’
       typedef typename _Iterator::difference_type   difference_type;
                                                     ^
/usr/include/c++/4.8/bits/stl_iterator_base_types.h: In instantiation of ‘struct std::iterator_traits<tree<std::basic_string<char> >::sibling_iterator>’:
/usr/include/c++/4.8/bits/stl_iterator_base_types.h:201:5:   required by substitution of ‘template<class _Iter> typename std::iterator_traits<_Iterator>::iterator_category std::__iterator_category(const _Iter&) [with _Iter = tree<std::basic_string<char> >::sibling_iterator]’
/usr/include/c++/4.8/bits/stl_algo.h:4441:44:   required from ‘_IIter std::find(_IIter, _IIter, const _Tp&) [with _IIter = tree<std::basic_string<char> >::sibling_iterator; _Tp = std::basic_string<char>]’
../tree.h:1493:43:   required from ‘void tree<T, tree_node_allocator>::merge(tree<T, tree_node_allocator>::sibling_iterator, tree<T, tree_node_allocator>::sibling_iterator, tree<T, tree_node_allocator>::sibling_iterator, tree<T, tree_node_allocator>::sibling_iterator, bool) [with T = std::basic_string<char>; tree_node_allocator = std::allocator<tree_node_<std::basic_string<char> > >]’
../test_tree.cpp:331:81:   required from here
/usr/include/c++/4.8/bits/stl_iterator_base_types.h:167:53: error: no type named ‘difference_type’ in ‘class tree<std::basic_string<char> >::sibling_iterator’
make: *** [test_tree.o] Error 1
18:03:36 **** Incremental Build of configuration Debug for project helloword ****
make all 
make: Nothing to be done for `all'.
18:03:36 **** Incremental Build of configuration Debug for project tree-2.65 ****
make all 
Building file: ../test_tree.cpp
Invoking: Cross G++ Compiler
g++ -O0 -g3 -Wall -c -fmessage-length=0 -MMD -MP -MF"test_tree.d" -MT"test_tree.d" -o "test_tree.o" "../test_tree.cpp"
In file included from /usr/include/c++/4.8/bits/stl_algobase.h:65:0,
                 from /usr/include/c++/4.8/memory:62,
                 from ../tree.h:68,
                 from ../test_tree.cpp:21:
/usr/include/c++/4.8/bits/stl_iterator_base_types.h: In instantiation of ‘struct std::iterator_traits<tree<std::basic_string<char> >::pre_order_iterator>’:
/usr/include/c++/4.8/bits/stl_iterator_base_types.h:201:5:   required by substitution of ‘template<class _Iter> typename std::iterator_traits<_Iterator>::iterator_category std::__iterator_category(const _Iter&) [with _Iter = tree<std::basic_string<char> >::pre_order_iterator]’
/usr/include/c++/4.8/bits/stl_algo.h:4441:44:   required from ‘_IIter std::find(_IIter, _IIter, const _Tp&) [with _IIter = tree<std::basic_string<char> >::pre_order_iterator; _Tp = std::basic_string<char>]’
../test_tree.cpp:161:57:   required from here
/usr/include/c++/4.8/bits/stl_iterator_base_types.h:167:53: error: no type named ‘difference_type’ in ‘class tree<std::basic_string<char> >::pre_order_iterator’
       typedef typename _Iterator::difference_type   difference_type;
                                                     ^
/usr/include/c++/4.8/bits/stl_iterator_base_types.h: In instantiation of ‘struct std::iterator_traits<tree<std::basic_string<char> >::sibling_iterator>’:
/usr/include/c++/4.8/bits/stl_iterator_base_types.h:201:5:   required by substitution of ‘template<class _Iter> typename std::iterator_traits<_Iterator>::iterator_category std::__iterator_category(const _Iter&) [with _Iter = tree<std::basic_string<char> >::sibling_iterator]’
/usr/include/c++/4.8/bits/stl_algo.h:4441:44:   required from ‘_IIter std::find(_IIter, _IIter, const _Tp&) [with _IIter = tree<std::basic_string<char> >::sibling_iterator; _Tp = std::basic_string<char>]’
../tree.h:1493:43:   required from ‘void tree<T, tree_node_allocator>::merge(tree<T, tree_node_allocator>::sibling_iterator, tree<T, tree_node_allocator>::sibling_iterator, tree<T, tree_node_allocator>::sibling_iterator, tree<T, tree_node_allocator>::sibling_iterator, bool) [with T = std::basic_string<char>; tree_node_allocator = std::allocator<tree_node_<std::basic_string<char> > >]’
../test_tree.cpp:331:81:   required from here
/usr/include/c++/4.8/bits/stl_iterator_base_types.h:167:53: error: no type named ‘difference_type’ in ‘class tree<std::basic_string<char> >::sibling_iterator’
make: *** [test_tree.o] Error 1
18:06:07 **** Incremental Build of configuration Debug for project helloword ****
make all 
make: Nothing to be done for `all'.
18:06:07 **** Incremental Build of configuration Debug for project tree-2.65 ****
make all 
Building file: ../test_tree.cpp
Invoking: Cross G++ Compiler
g++ -O0 -g3 -Wall -c -fmessage-length=0 -MMD -MP -MF"test_tree.d" -MT"test_tree.d" -o "test_tree.o" "../test_tree.cpp"
In file included from ../test_tree.cpp:21:0:
../tree.h:142:21: error: ‘ptrdiff_t’ does not name a type
             typedef ptrdiff_t                       difference_type;
                     ^
In file included from /usr/include/c++/4.8/bits/stl_algobase.h:65:0,
                 from /usr/include/c++/4.8/memory:62,
                 from ../tree.h:68,
                 from ../test_tree.cpp:21:
/usr/include/c++/4.8/bits/stl_iterator_base_types.h: In instantiation of ‘struct std::iterator_traits<tree<std::basic_string<char> >::pre_order_iterator>’:
/usr/include/c++/4.8/bits/stl_iterator_base_types.h:201:5:   required by substitution of ‘template<class _Iter> typename std::iterator_traits<_Iterator>::iterator_category std::__iterator_category(const _Iter&) [with _Iter = tree<std::basic_string<char> >::pre_order_iterator]’
/usr/include/c++/4.8/bits/stl_algo.h:4441:44:   required from ‘_IIter std::find(_IIter, _IIter, const _Tp&) [with _IIter = tree<std::basic_string<char> >::pre_order_iterator; _Tp = std::basic_string<char>]’
../test_tree.cpp:161:57:   required from here
/usr/include/c++/4.8/bits/stl_iterator_base_types.h:167:53: error: no type named ‘difference_type’ in ‘class tree<std::basic_string<char> >::pre_order_iterator’
       typedef typename _Iterator::difference_type   difference_type;
                                                     ^
/usr/include/c++/4.8/bits/stl_iterator_base_types.h: In instantiation of ‘struct std::iterator_traits<tree<std::basic_string<char> >::sibling_iterator>’:
/usr/include/c++/4.8/bits/stl_iterator_base_types.h:201:5:   required by substitution of ‘template<class _Iter> typename std::iterator_traits<_Iterator>::iterator_category std::__iterator_category(const _Iter&) [with _Iter = tree<std::basic_string<char> >::sibling_iterator]’
/usr/include/c++/4.8/bits/stl_algo.h:4441:44:   required from ‘_IIter std::find(_IIter, _IIter, const _Tp&) [with _IIter = tree<std::basic_string<char> >::sibling_iterator; _Tp = std::basic_string<char>]’
../tree.h:1493:43:   required from ‘void tree<T, tree_node_allocator>::merge(tree<T, tree_node_allocator>::sibling_iterator, tree<T, tree_node_allocator>::sibling_iterator, tree<T, tree_node_allocator>::sibling_iterator, tree<T, tree_node_allocator>::sibling_iterator, bool) [with T = std::basic_string<char>; tree_node_allocator = std::allocator<tree_node_<std::basic_string<char> > >]’
../test_tree.cpp:331:81:   required from here
/usr/include/c++/4.8/bits/stl_iterator_base_types.h:167:53: error: no type named ‘difference_type’ in ‘class tree<std::basic_string<char> >::sibling_iterator’
make: *** [test_tree.o] Error 1
18:06:45 **** Incremental Build of configuration Debug for project helloword ****
make all 
make: Nothing to be done for `all'.
18:06:45 **** Incremental Build of configuration Debug for project tree-2.65 ****
make all 
Building file: ../test_tree.cpp
Invoking: Cross G++ Compiler
g++ -O0 -g3 -Wall -c -fmessage-length=0 -MMD -MP -MF"test_tree.d" -MT"test_tree.d" -o "test_tree.o" "../test_tree.cpp"
Finished building: ../test_tree.cpp
 
Building file: ../tree_example.cpp
Invoking: Cross G++ Compiler
g++ -O0 -g3 -Wall -c -fmessage-length=0 -MMD -MP -MF"tree_example.d" -MT"tree_example.d" -o "tree_example.o" "../tree_example.cpp"
Finished building: ../tree_example.cpp
 
Building target: tree-2.65
Invoking: Cross G++ Linker
g++  -o "tree-2.65"  ./test_tree.o ./tree_example.o   
./tree_example.o: In function `__gnu_cxx::new_allocator<tree_node_<std::string> >::~new_allocator()':
/home/swy/git/poj/tree-2.65/Debug/../tree_example.cpp:29: multiple definition of `main'
./test_tree.o:/home/swy/git/poj/tree-2.65/Debug/../test_tree.cpp:110: first defined here
collect2: error: ld returned 1 exit status
make: *** [tree-2.65] Error 1
18:08:01 **** Incremental Build of configuration Debug for project helloword ****
make all 
make: Nothing to be done for `all'.
18:08:01 **** Incremental Build of configuration Debug for project tree-2.65 ****
make all 
Building target: tree-2.65
Invoking: Cross G++ Linker
g++  -o "tree-2.65"  ./test_tree.o   
Finished building target: tree-2.65
 
18:08:06 **** Incremental Build of configuration Debug for project tree-2.65 ****
make all 
make: Nothing to be done for `all'.
18:10:36 **** Incremental Build of configuration Debug for project helloword ****
make all 
make: Nothing to be done for `all'.
18:10:36 **** Incremental Build of configuration Debug for project tree-2.65 ****
make all 
make: Nothing to be done for `all'.
18:18:16 **** Incremental Build of configuration Debug for project tree-2.65 ****
make all 
Building file: ../test_tree.cpp
Invoking: Cross G++ Compiler
g++ -O0 -g3 -Wall -c -fmessage-length=0 -MMD -MP -MF"test_tree.d" -MT"test_tree.d" -o "test_tree.o" "../test_tree.cpp"
Finished building: ../test_tree.cpp
 
Building target: tree-2.65
Invoking: Cross G++ Linker
g++  -o "tree-2.65"  ./test_tree.o   
Finished building target: tree-2.65
 
18:19:00 **** Incremental Build of configuration Debug for project helloword ****
make all 
make: Nothing to be done for `all'.
18:19:00 **** Incremental Build of configuration Debug for project tree-2.65 ****
make all 
Building file: ../tree_example.cpp
Invoking: Cross G++ Compiler
g++ -O0 -g3 -Wall -c -fmessage-length=0 -MMD -MP -MF"tree_example.d" -MT"tree_example.d" -o "tree_example.o" "../tree_example.cpp"
../tree_example.cpp:24:19: fatal error: tree.hh: No such file or directory
 #include "tree.hh"
                   ^
compilation terminated.
make: *** [tree_example.o] Error 1
18:19:24 **** Incremental Build of configuration Debug for project helloword ****
make all 
make: Nothing to be done for `all'.
18:19:24 **** Incremental Build of configuration Debug for project tree-2.65 ****
make all 
Building file: ../tree_example.cpp
Invoking: Cross G++ Compiler
g++ -O0 -g3 -Wall -c -fmessage-length=0 -MMD -MP -MF"tree_example.d" -MT"tree_example.d" -o "tree_example.o" "../tree_example.cpp"
Finished building: ../tree_example.cpp
 
Building target: tree-2.65
Invoking: Cross G++ Linker
g++  -o "tree-2.65"  ./tree_example.o   
Finished building target: tree-2.65
 
18:19:30 **** Incremental Build of configuration Debug for project tree-2.65 ****
make all 
make: Nothing to be done for `all'.
